<?xml version="1.0" encoding="UTF-8"?>
<testExecutions version="1">
  <file path="C:\Personal\Repos\TestSonarCloud\ui\src\app\app.component.spec.ts">
    <testCase name="AppComponent should create the app" duration="2">
      <failure message="Error: Need to call TestBed.initTestEnvironment() first"><![CDATA[Error: Need to call TestBed.initTestEnvironment() first
    at _TestBedImpl.get compiler [as compiler] (C:\Personal\Repos\TestSonarCloud\ui\node_modules\@angular\core\fesm2022\testing.mjs:2061:19)
    at _TestBedImpl.configureTestingModule (C:\Personal\Repos\TestSonarCloud\ui\node_modules\@angular\core\fesm2022\testing.mjs:1962:14)
    at Function.configureTestingModule (C:\Personal\Repos\TestSonarCloud\ui\node_modules\@angular\core\fesm2022\testing.mjs:1789:37)
    at Object.<anonymous> (C:\Personal\Repos\TestSonarCloud\ui\src\app\app.component.spec.ts:6:19)
    at Promise.then.completed (C:\Personal\Repos\TestSonarCloud\ui\node_modules\jest-circus\build\utils.js:298:28)
    at new Promise (<anonymous>)
    at callAsyncCircusFn (C:\Personal\Repos\TestSonarCloud\ui\node_modules\jest-circus\build\utils.js:231:10)
    at _callCircusHook (C:\Personal\Repos\TestSonarCloud\ui\node_modules\jest-circus\build\run.js:281:40)
    at _runTest (C:\Personal\Repos\TestSonarCloud\ui\node_modules\jest-circus\build\run.js:246:5)
    at _runTestsForDescribeBlock (C:\Personal\Repos\TestSonarCloud\ui\node_modules\jest-circus\build\run.js:126:9)
    at _runTestsForDescribeBlock (C:\Personal\Repos\TestSonarCloud\ui\node_modules\jest-circus\build\run.js:121:9)
    at run (C:\Personal\Repos\TestSonarCloud\ui\node_modules\jest-circus\build\run.js:71:3)
    at runAndTransformResultsToJestFormat (C:\Personal\Repos\TestSonarCloud\ui\node_modules\jest-circus\build\legacy-code-todo-rewrite\jestAdapterInit.js:122:21)
    at jestAdapter (C:\Personal\Repos\TestSonarCloud\ui\node_modules\jest-circus\build\legacy-code-todo-rewrite\jestAdapter.js:79:19)
    at runTestInternal (C:\Personal\Repos\TestSonarCloud\ui\node_modules\jest-runner\build\runTest.js:367:16)
    at runTest (C:\Personal\Repos\TestSonarCloud\ui\node_modules\jest-runner\build\runTest.js:444:34)]]></failure>
    </testCase>
    <testCase name="AppComponent should have the &apos;ui&apos; title" duration="41">
      <failure message="TypeError: Cannot read properties of null (reading &apos;ngModule&apos;)"><![CDATA[TypeError: Cannot read properties of null (reading 'ngModule')
    at isModuleWithProviders (C:\Personal\Repos\TestSonarCloud\ui\node_modules\@angular\core\fesm2022\core.mjs:16248:18)
    at expandModuleWithProviders (C:\Personal\Repos\TestSonarCloud\ui\node_modules\@angular\core\fesm2022\core.mjs:30451:9)
    at Array.map (<anonymous>)
    at Function.get (C:\Personal\Repos\TestSonarCloud\ui\node_modules\@angular\core\fesm2022\core.mjs:30012:26)
    at getNgModuleDef (C:\Personal\Repos\TestSonarCloud\ui\node_modules\@angular\core\fesm2022\core.mjs:2563:25)
    at verifySemanticsOfNgModuleDef (C:\Personal\Repos\TestSonarCloud\ui\node_modules\@angular\core\fesm2022\core.mjs:30101:23)
    at Function.get (C:\Personal\Repos\TestSonarCloud\ui\node_modules\@angular\core\fesm2022\core.mjs:30056:30)
    at TestBedCompiler.applyProviderOverridesInScope (C:\Personal\Repos\TestSonarCloud\ui\node_modules\@angular\core\fesm2022\testing.mjs:1213:29)
    at TestBedCompiler.compileTestModule (C:\Personal\Repos\TestSonarCloud\ui\node_modules\@angular\core\fesm2022\testing.mjs:1536:14)
    at TestBedCompiler.finalize (C:\Personal\Repos\TestSonarCloud\ui\node_modules\@angular\core\fesm2022\testing.mjs:1038:14)
    at _TestBedImpl.get testModuleRef [as testModuleRef] (C:\Personal\Repos\TestSonarCloud\ui\node_modules\@angular\core\fesm2022\testing.mjs:2071:49)
    at _TestBedImpl.inject (C:\Personal\Repos\TestSonarCloud\ui\node_modules\@angular\core\fesm2022\testing.mjs:1973:29)
    at _TestBedImpl.createComponent (C:\Personal\Repos\TestSonarCloud\ui\node_modules\@angular\core\fesm2022\testing.mjs:2026:44)
    at Function.createComponent (C:\Personal\Repos\TestSonarCloud\ui\node_modules\@angular\core\fesm2022\testing.mjs:1842:37)
    at Object.<anonymous> (C:\Personal\Repos\TestSonarCloud\ui\src\app\app.component.spec.ts:18:29)
    at Promise.then.completed (C:\Personal\Repos\TestSonarCloud\ui\node_modules\jest-circus\build\utils.js:298:28)
    at new Promise (<anonymous>)
    at callAsyncCircusFn (C:\Personal\Repos\TestSonarCloud\ui\node_modules\jest-circus\build\utils.js:231:10)
    at _callCircusTest (C:\Personal\Repos\TestSonarCloud\ui\node_modules\jest-circus\build\run.js:316:40)
    at _runTest (C:\Personal\Repos\TestSonarCloud\ui\node_modules\jest-circus\build\run.js:252:3)
    at _runTestsForDescribeBlock (C:\Personal\Repos\TestSonarCloud\ui\node_modules\jest-circus\build\run.js:126:9)
    at _runTestsForDescribeBlock (C:\Personal\Repos\TestSonarCloud\ui\node_modules\jest-circus\build\run.js:121:9)
    at run (C:\Personal\Repos\TestSonarCloud\ui\node_modules\jest-circus\build\run.js:71:3)
    at runAndTransformResultsToJestFormat (C:\Personal\Repos\TestSonarCloud\ui\node_modules\jest-circus\build\legacy-code-todo-rewrite\jestAdapterInit.js:122:21)
    at jestAdapter (C:\Personal\Repos\TestSonarCloud\ui\node_modules\jest-circus\build\legacy-code-todo-rewrite\jestAdapter.js:79:19)
    at runTestInternal (C:\Personal\Repos\TestSonarCloud\ui\node_modules\jest-runner\build\runTest.js:367:16)
    at runTest (C:\Personal\Repos\TestSonarCloud\ui\node_modules\jest-runner\build\runTest.js:444:34)]]></failure>
    </testCase>
    <testCase name="AppComponent should render title" duration="1">
      <failure message="TypeError: Cannot read properties of null (reading &apos;ngModule&apos;)"><![CDATA[TypeError: Cannot read properties of null (reading 'ngModule')
    at isModuleWithProviders (C:\Personal\Repos\TestSonarCloud\ui\node_modules\@angular\core\fesm2022\core.mjs:16248:18)
    at expandModuleWithProviders (C:\Personal\Repos\TestSonarCloud\ui\node_modules\@angular\core\fesm2022\core.mjs:30451:9)
    at Array.map (<anonymous>)
    at Function.get (C:\Personal\Repos\TestSonarCloud\ui\node_modules\@angular\core\fesm2022\core.mjs:30012:26)
    at getNgModuleDef (C:\Personal\Repos\TestSonarCloud\ui\node_modules\@angular\core\fesm2022\core.mjs:2563:25)
    at verifySemanticsOfNgModuleDef (C:\Personal\Repos\TestSonarCloud\ui\node_modules\@angular\core\fesm2022\core.mjs:30101:23)
    at Function.get (C:\Personal\Repos\TestSonarCloud\ui\node_modules\@angular\core\fesm2022\core.mjs:30056:30)
    at TestBedCompiler.applyProviderOverridesInScope (C:\Personal\Repos\TestSonarCloud\ui\node_modules\@angular\core\fesm2022\testing.mjs:1213:29)
    at TestBedCompiler.compileTestModule (C:\Personal\Repos\TestSonarCloud\ui\node_modules\@angular\core\fesm2022\testing.mjs:1536:14)
    at TestBedCompiler.finalize (C:\Personal\Repos\TestSonarCloud\ui\node_modules\@angular\core\fesm2022\testing.mjs:1038:14)
    at _TestBedImpl.get testModuleRef [as testModuleRef] (C:\Personal\Repos\TestSonarCloud\ui\node_modules\@angular\core\fesm2022\testing.mjs:2071:49)
    at _TestBedImpl.inject (C:\Personal\Repos\TestSonarCloud\ui\node_modules\@angular\core\fesm2022\testing.mjs:1973:29)
    at _TestBedImpl.createComponent (C:\Personal\Repos\TestSonarCloud\ui\node_modules\@angular\core\fesm2022\testing.mjs:2026:44)
    at Function.createComponent (C:\Personal\Repos\TestSonarCloud\ui\node_modules\@angular\core\fesm2022\testing.mjs:1842:37)
    at Object.<anonymous> (C:\Personal\Repos\TestSonarCloud\ui\src\app\app.component.spec.ts:24:29)
    at Promise.then.completed (C:\Personal\Repos\TestSonarCloud\ui\node_modules\jest-circus\build\utils.js:298:28)
    at new Promise (<anonymous>)
    at callAsyncCircusFn (C:\Personal\Repos\TestSonarCloud\ui\node_modules\jest-circus\build\utils.js:231:10)
    at _callCircusTest (C:\Personal\Repos\TestSonarCloud\ui\node_modules\jest-circus\build\run.js:316:40)
    at _runTest (C:\Personal\Repos\TestSonarCloud\ui\node_modules\jest-circus\build\run.js:252:3)
    at _runTestsForDescribeBlock (C:\Personal\Repos\TestSonarCloud\ui\node_modules\jest-circus\build\run.js:126:9)
    at _runTestsForDescribeBlock (C:\Personal\Repos\TestSonarCloud\ui\node_modules\jest-circus\build\run.js:121:9)
    at run (C:\Personal\Repos\TestSonarCloud\ui\node_modules\jest-circus\build\run.js:71:3)
    at runAndTransformResultsToJestFormat (C:\Personal\Repos\TestSonarCloud\ui\node_modules\jest-circus\build\legacy-code-todo-rewrite\jestAdapterInit.js:122:21)
    at jestAdapter (C:\Personal\Repos\TestSonarCloud\ui\node_modules\jest-circus\build\legacy-code-todo-rewrite\jestAdapter.js:79:19)
    at runTestInternal (C:\Personal\Repos\TestSonarCloud\ui\node_modules\jest-runner\build\runTest.js:367:16)
    at runTest (C:\Personal\Repos\TestSonarCloud\ui\node_modules\jest-runner\build\runTest.js:444:34)]]></failure>
    </testCase>
  </file>
</testExecutions>